12
60
0 83 17 162 3 159 55 109 38 156 36 43 185 143 39 30 5 120 104 102 162 175 139 105 81 99 105 139 13 41 194 111 47 142 190 23 190 70 161 151 97 41 104 196 166 4 58 167 100 176 54 141 52 184 162 184 14 165 58 83 0
1054 645 1095 1193 893 317 1036 188 977 490 1115 68 715 374 345 653 1055 139 169 234 342 1143 291 289 796 882 1005 1188 81 969 1079 1147 1172 296 805 98 395
146
0 85 152 188 93 132 145 180 14 102 40 62 93 188 152 197 74 129 31 5 90 133 99 133 191 26 180 158 180 14 130 29 35 15 173 198 8 77 176 22 187 146 79 146 6 156 162 184 28 89 62 32 75 38 130 29 35 164 9 115 43 185 42 103 42 31 193 165 23 164 9 69 66 126 60 161 142 135 23 189 111 47 111 174 51 96 192 193 139 71 139 105 155 114 105 81 59 37 165 97 191 26 109 197 113 53 181 107 25 151 181 107 45 106 185 43 117 86 160 91 118 116 95 117 110 100 167 20 155 21 144 63 8 77 186 112 170 76 43 185 48 51 135 144 63 83 0
337 299 780 752 584 570 446 22 1014 1009 993 193 775 277 1029 998 812 170 245 255 690 890 654 620 534 1169 1161 338 468 880 939 1002 451 214 1058 1081 258 777 153 488 361 710 222 498 175 1129 957 483 423 47 475 6 914 354 172 269 562 469 182 755 558 1053 199 917 887 972 873 976 453
77
0 61 177 191 30 111 10 49 161 3 162 92 153 92 192 193 192 95 134 156 117 86 16 151 150 186 112 170 76 42 103 33 8 77 186 88 91 160 4 166 32 75 156 7 23 189 111 10 87 49 171 95 103 7 92 125 114 25 120 27 2 14 100 176 77 67 66 69 29 111 163 195 126 178 111 10 83 0
955 419 240 428 462 133 8 472 189 900 306 811 440 764 280 861 885 771 510 1136 509 1013 11 958 191 872 82 758 994 600 45 1032 660 121 390 1042 876 333 40 643 79 302 629 1098
77
0 83 17 63 144 65 199 130 29 35 15 173 65 125 72 98 70 197 74 177 137 12 128 121 130 29 19 178 167 58 84 196 57 80 57 54 158 180 14 163 177 93 188 53 18 176 76 43 185 39 115 164 9 7 34 113 53 72 98 70 116 112 170 76 43 46 78 187 128 47 140 43 185 48 34 10 83 0
1101 1074 833 226 370 735 407 1096 445 256 140 1192 418 161 797 218 1177 32 594 83 513 672 236 379 230 592 262 966 524 837 1141 982 996 831 160 426 639 185 1184
96
0 31 5 30 109 145 132 99 105 99 133 50 147 43 185 42 87 49 155 40 62 179 163 72 98 76 43 46 10 111 36 85 152 188 7 189 44 1 198 44 122 171 95 134 6 31 42 28 89 28 60 161 142 174 48 177 197 113 143 185 48 177 137 13 127 178 113 197 150 100 194 111 124 92 164 195 124 198 124 51 135 144 157 161 142 174 8 77 56 9 23 190 171 49 10 83 0
785 365 578 330 54 93 177 489 351 1159 754 415 554 871 593 1088 804 832 684 827 283 947 634 902 974 409 166 200 350 595 341 583 868 145 478 1061 948 300 732 331 553 536 970 692 148 579 680 659
87
0 83 194 9 69 66 11 59 81 153 92 5 30 111 10 49 174 8 77 138 43 185 48 177 42 103 33 6 51 96 192 56 111 10 45 3 181 182 181 107 105 155 20 165 97 163 116 163 195 184 68 94 140 173 15 148 15 35 29 69 70 197 70 63 144 59 17 135 142 161 49 171 95 134 164 144 157 51 169 20 155 24 91 8 77 186 90 0
1082 1148 452 928 617 961 582 307 371 44 421 376 463 1045 1168 88 416 951 1075 655 707 194 789 782 912 723 400 150 287 1022 241 695 91 577 726 65
73
0 90 123 86 101 170 76 160 91 164 9 64 168 32 179 199 109 173 198 124 126 60 161 142 174 51 169 20 45 3 22 21 144 135 142 174 147 186 112 170 76 43 186 112 49 10 46 193 191 26 109 11 95 103 42 31 6 21 144 90 11 63 36 133 191 107 56 163 195 44 122 10 83 0
737 877 1048 1189 448 92 530 718 1109 591 410 465 364 497 180 42 456 155 870 1057 640 1065 642 965 853 559 323 106 550 85 479 80 576 141 485
87
0 83 188 3 162 106 185 43 115 29 35 15 173 158 54 123 121 130 29 35 15 179 32 79 182 46 43 185 48 189 45 3 188 93 1 128 47 37 180 178 126 84 58 167 58 78 131 78 58 92 121 156 117 86 40 102 167 183 2 151 27 82 181 107 153 92 136 69 66 48 170 194 9 7 103 42 53 181 107 105 139 126 60 161 49 10 83 0
632 1165 1144 318 638 1150 263 936 1044 999 303 701 1130 834 278 557 144 940 1041 437 728 616 798 517 359 801 665 786 956 1011 192 454 104 62 434 1137
105
0 83 188 93 132 108 187 40 62 111 47 37 165 55 31 6 56 9 7 103 95 190 124 92 192 8 174 51 57 144 16 75 47 37 78 125 42 103 33 185 56 89 28 60 161 84 81 153 184 68 195 124 168 136 173 15 35 71 18 97 36 63 70 1 93 188 3 159 61 155 89 28 60 161 142 174 47 111 30 5 21 125 150 91 5 31 129 22 177 197 93 188 3 162 198 110 126 44 19 126 60 161 49 10 83 0
568 814 1090 1085 1135 268 813 35 667 619 1001 581 932 313 95 563 1060 1196 1049 751 508 381 61 822 963 621 1111 252 137 120 1119 197 691 641 767 905 1106 66 51 580 29 856 628 457 178 953 588 165
75
0 90 11 90 122 165 55 130 29 69 66 52 154 37 25 114 134 40 159 184 68 157 68 94 24 98 70 197 47 161 142 174 51 169 35 90 133 191 107 25 114 98 138 45 3 181 182 44 126 44 169 154 37 183 18 97 159 27 2 27 82 187 80 23 189 168 91 160 86 6 161 55 151 10 83 0
216 424 393 1102 697 1062 515 1185 746 535 326 417 242 803 486 64 895 207 487 1149 773 614 75 24 2 4 729 923 625 627 101 933 392 1122 33 209 1067 650 538 637 878 1113 72
84
0 90 133 52 180 179 114 105 133 32 179 108 187 101 30 111 47 50 121 130 29 111 174 51 96 192 8 119 101 65 52 184 68 178 54 141 24 167 100 176 84 159 61 131 16 112 170 76 43 46 85 152 184 145 132 173 65 101 156 93 188 152 153 170 76 43 185 143 185 48 98 76 43 46 10 148 15 173 136 50 30 111 10 83 0
360 383 332 340 67 605 71 778 964 221 294 669 167 795 765 264 678 825 396 1123 744 271 1170 1163 405 1194 884 898 290 286 818 624 800 389 1059 1003 1073 459 422 154 413 971
79
0 90 133 50 152 66 67 185 43 188 53 181 107 196 166 4 166 162 3 188 53 115 127 123 72 97 159 97 41 194 9 7 87 121 130 194 75 39 34 82 187 108 54 141 24 73 14 130 29 35 71 190 171 172 156 101 65 57 80 178 180 158 168 64 145 132 21 144 63 159 61 122 197 12 128 47 111 10 83 0
250 162 983 658 921 1174 768 115 10 430 380 646 1038 846 997 232 676 952 611 784 366 244 601 130 1153 875 949 259 781 585 717 919 1084 1117
